<?xml version="1.0" encoding="UTF-8"?>
<testsuite xmlns:xsi="http://www.w3.org/2001/XMLSchema-instance" xsi:noNamespaceSchemaLocation="https://maven.apache.org/surefire/maven-surefire-plugin/xsd/surefire-test-report.xsd" name="com.testapp.SampleTest" time="0.002" tests="1" errors="0" skipped="0" failures="0">
  <properties>
    <property name="java.specification.version" value="18"/>
    <property name="sun.cpu.isalist" value="amd64"/>
    <property name="sun.jnu.encoding" value="Cp1252"/>
    <property name="java.class.path" value="D:\AWS-DevOps\Projects\webapptestapp\target\test-classes;D:\AWS-DevOps\Projects\webapptestapp\target\classes;C:\Users\Vishal\.m2\repository\junit\junit\4.11\junit-4.11.jar;C:\Users\Vishal\.m2\repository\org\hamcrest\hamcrest-core\1.3\hamcrest-core-1.3.jar;C:\Users\Vishal\.m2\repository\org\testcontainers\mysql\1.17.6\mysql-1.17.6.jar;C:\Users\Vishal\.m2\repository\org\testcontainers\jdbc\1.17.6\jdbc-1.17.6.jar;C:\Users\Vishal\.m2\repository\org\testcontainers\database-commons\1.17.6\database-commons-1.17.6.jar;C:\Users\Vishal\.m2\repository\org\testcontainers\testcontainers\1.17.6\testcontainers-1.17.6.jar;C:\Users\Vishal\.m2\repository\org\slf4j\slf4j-api\1.7.36\slf4j-api-1.7.36.jar;C:\Users\Vishal\.m2\repository\org\apache\commons\commons-compress\1.22\commons-compress-1.22.jar;C:\Users\Vishal\.m2\repository\org\rnorth\duct-tape\duct-tape\1.0.8\duct-tape-1.0.8.jar;C:\Users\Vishal\.m2\repository\org\jetbrains\annotations\17.0.0\annotations-17.0.0.jar;C:\Users\Vishal\.m2\repository\com\github\docker-java\docker-java-api\3.2.13\docker-java-api-3.2.13.jar;C:\Users\Vishal\.m2\repository\com\fasterxml\jackson\core\jackson-annotations\2.10.3\jackson-annotations-2.10.3.jar;C:\Users\Vishal\.m2\repository\com\github\docker-java\docker-java-transport-zerodep\3.2.13\docker-java-transport-zerodep-3.2.13.jar;C:\Users\Vishal\.m2\repository\com\github\docker-java\docker-java-transport\3.2.13\docker-java-transport-3.2.13.jar;C:\Users\Vishal\.m2\repository\net\java\dev\jna\jna\5.8.0\jna-5.8.0.jar;C:\Users\Vishal\.m2\repository\org\webjars\bowergithub\jcgueriaud\google-map\2.0.5p\google-map-2.0.5p.jar;C:\Users\Vishal\.m2\repository\org\webjars\bowergithub\polymer\polymer\2.8.0\polymer-2.8.0.jar;C:\Users\Vishal\.m2\repository\org\webjars\bowergithub\webcomponents\shadycss\1.9.1\shadycss-1.9.1.jar;C:\Users\Vishal\.m2\repository\org\webjars\bowergithub\webcomponents\webcomponentsjs\2.0.0-beta.3\webcomponentsjs-2.0.0-beta.3.jar;C:\Users\Vishal\.m2\repository\org\webjars\bowergithub\googlewebcomponents\google-apis\2.0.2\google-apis-2.0.2.jar;C:\Users\Vishal\.m2\repository\org\webjars\bowergithub\polymerelements\iron-jsonp-library\2.1.0\iron-jsonp-library-2.1.0.jar;C:\Users\Vishal\.m2\repository\org\webjars\bowergithub\polymerelements\iron-resizable-behavior\2.1.1\iron-resizable-behavior-2.1.1.jar;C:\Users\Vishal\.m2\repository\org\webjars\bowergithub\polymerelements\iron-selector\2.1.0\iron-selector-2.1.0.jar;"/>
    <property name="java.vm.vendor" value="Oracle Corporation"/>
    <property name="sun.arch.data.model" value="64"/>
    <property name="user.variant" value=""/>
    <property name="java.vendor.url" value="https://java.oracle.com/"/>
    <property name="user.timezone" value="Asia/Calcutta"/>
    <property name="os.name" value="Windows 10"/>
    <property name="java.vm.specification.version" value="18"/>
    <property name="sun.java.launcher" value="SUN_STANDARD"/>
    <property name="user.country" value="IN"/>
    <property name="sun.boot.library.path" value="C:\Program Files\Java\jdk-18.0.2.1\bin"/>
    <property name="sun.java.command" value="C:\Users\Vishal\AppData\Local\Temp\surefire16444423547522747791\surefirebooter7887489655458196559.jar C:\Users\Vishal\AppData\Local\Temp\surefire16444423547522747791 2023-02-06T02-03-09_656-jvmRun1 surefire7753858146942950181tmp surefire_0834479614706077117tmp"/>
    <property name="jdk.debug" value="release"/>
    <property name="surefire.test.class.path" value="D:\AWS-DevOps\Projects\webapptestapp\target\test-classes;D:\AWS-DevOps\Projects\webapptestapp\target\classes;C:\Users\Vishal\.m2\repository\junit\junit\4.11\junit-4.11.jar;C:\Users\Vishal\.m2\repository\org\hamcrest\hamcrest-core\1.3\hamcrest-core-1.3.jar;C:\Users\Vishal\.m2\repository\org\testcontainers\mysql\1.17.6\mysql-1.17.6.jar;C:\Users\Vishal\.m2\repository\org\testcontainers\jdbc\1.17.6\jdbc-1.17.6.jar;C:\Users\Vishal\.m2\repository\org\testcontainers\database-commons\1.17.6\database-commons-1.17.6.jar;C:\Users\Vishal\.m2\repository\org\testcontainers\testcontainers\1.17.6\testcontainers-1.17.6.jar;C:\Users\Vishal\.m2\repository\org\slf4j\slf4j-api\1.7.36\slf4j-api-1.7.36.jar;C:\Users\Vishal\.m2\repository\org\apache\commons\commons-compress\1.22\commons-compress-1.22.jar;C:\Users\Vishal\.m2\repository\org\rnorth\duct-tape\duct-tape\1.0.8\duct-tape-1.0.8.jar;C:\Users\Vishal\.m2\repository\org\jetbrains\annotations\17.0.0\annotations-17.0.0.jar;C:\Users\Vishal\.m2\repository\com\github\docker-java\docker-java-api\3.2.13\docker-java-api-3.2.13.jar;C:\Users\Vishal\.m2\repository\com\fasterxml\jackson\core\jackson-annotations\2.10.3\jackson-annotations-2.10.3.jar;C:\Users\Vishal\.m2\repository\com\github\docker-java\docker-java-transport-zerodep\3.2.13\docker-java-transport-zerodep-3.2.13.jar;C:\Users\Vishal\.m2\repository\com\github\docker-java\docker-java-transport\3.2.13\docker-java-transport-3.2.13.jar;C:\Users\Vishal\.m2\repository\net\java\dev\jna\jna\5.8.0\jna-5.8.0.jar;C:\Users\Vishal\.m2\repository\org\webjars\bowergithub\jcgueriaud\google-map\2.0.5p\google-map-2.0.5p.jar;C:\Users\Vishal\.m2\repository\org\webjars\bowergithub\polymer\polymer\2.8.0\polymer-2.8.0.jar;C:\Users\Vishal\.m2\repository\org\webjars\bowergithub\webcomponents\shadycss\1.9.1\shadycss-1.9.1.jar;C:\Users\Vishal\.m2\repository\org\webjars\bowergithub\webcomponents\webcomponentsjs\2.0.0-beta.3\webcomponentsjs-2.0.0-beta.3.jar;C:\Users\Vishal\.m2\repository\org\webjars\bowergithub\googlewebcomponents\google-apis\2.0.2\google-apis-2.0.2.jar;C:\Users\Vishal\.m2\repository\org\webjars\bowergithub\polymerelements\iron-jsonp-library\2.1.0\iron-jsonp-library-2.1.0.jar;C:\Users\Vishal\.m2\repository\org\webjars\bowergithub\polymerelements\iron-resizable-behavior\2.1.1\iron-resizable-behavior-2.1.1.jar;C:\Users\Vishal\.m2\repository\org\webjars\bowergithub\polymerelements\iron-selector\2.1.0\iron-selector-2.1.0.jar;"/>
    <property name="sun.cpu.endian" value="little"/>
    <property name="user.home" value="C:\Users\Vishal"/>
    <property name="user.language" value="en"/>
    <property name="java.specification.vendor" value="Oracle Corporation"/>
    <property name="java.version.date" value="2022-08-18"/>
    <property name="java.home" value="C:\Program Files\Java\jdk-18.0.2.1"/>
    <property name="file.separator" value="\"/>
    <property name="basedir" value="D:\AWS-DevOps\Projects\webapptestapp"/>
    <property name="java.vm.compressedOopsMode" value="32-bit"/>
    <property name="line.separator" value="&#10;"/>
    <property name="java.vm.specification.vendor" value="Oracle Corporation"/>
    <property name="java.specification.name" value="Java Platform API Specification"/>
    <property name="surefire.real.class.path" value="C:\Users\Vishal\AppData\Local\Temp\surefire16444423547522747791\surefirebooter7887489655458196559.jar"/>
    <property name="user.script" value=""/>
    <property name="sun.management.compiler" value="HotSpot 64-Bit Tiered Compilers"/>
    <property name="java.runtime.version" value="18.0.2.1+1-1"/>
    <property name="user.name" value="Vishal"/>
    <property name="path.separator" value=";"/>
    <property name="os.version" value="10.0"/>
    <property name="java.runtime.name" value="Java(TM) SE Runtime Environment"/>
    <property name="file.encoding" value="UTF-8"/>
    <property name="java.vm.name" value="Java HotSpot(TM) 64-Bit Server VM"/>
    <property name="localRepository" value="C:\Users\Vishal\.m2\repository"/>
    <property name="java.vendor.url.bug" value="https://bugreport.java.com/bugreport/"/>
    <property name="java.io.tmpdir" value="C:\Users\Vishal\AppData\Local\Temp\"/>
    <property name="java.version" value="18.0.2.1"/>
    <property name="user.dir" value="D:\AWS-DevOps\Projects\webapptestapp"/>
    <property name="os.arch" value="amd64"/>
    <property name="java.vm.specification.name" value="Java Virtual Machine Specification"/>
    <property name="sun.os.patch.level" value=""/>
    <property name="native.encoding" value="Cp1252"/>
    <property name="java.library.path" value="C:\Program Files\Java\jdk-18.0.2.1\bin;C:\Windows\Sun\Java\bin;C:\Windows\system32;C:\Windows;C:\Program Files\Common Files\Oracle\Java\javapath;C:\Program Files (x86)\Common Files\Oracle\Java\javapath;C:\Windows\system32;C:\Windows;C:\Windows\System32\Wbem;C:\Windows\System32\WindowsPowerShell\v1.0\;C:\Windows\System32\OpenSSH\;C:\Program Files\Git\cmd;C:\Program Files\Java\jdk-18.0.2.1\bin;C:\apache-maven-3.8.7\bin;C:\Users\Vishal\AppData\Local\Microsoft\WindowsApps;;."/>
    <property name="java.vm.info" value="mixed mode, sharing"/>
    <property name="java.vendor" value="Oracle Corporation"/>
    <property name="java.vm.version" value="18.0.2.1+1-1"/>
    <property name="sun.io.unicode.encoding" value="UnicodeLittle"/>
    <property name="java.class.version" value="62.0"/>
  </properties>
  <testcase name="shouldAnswerWithTrue" classname="com.testapp.SampleTest" time="0"/>
</testsuite>